<test-run id="2" duration="0.060492000000000004" testcasecount="12" total="12" passed="12" failed="0" inconclusive="0" skipped="0" result="Passed" start-time="2021-02-07T 21:22:06Z" end-time="2021-02-07T 21:22:08Z">
  <test-suite type="Assembly" name="AddressBook.API.UnitTests.dll" fullname="C:\Projects\AddressBook.API\AddressBook.API.UnitTests\bin\Debug\net5.0\AddressBook.API.UnitTests.dll" total="12" passed="12" failed="0" inconclusive="0" skipped="0" result="Passed" start-time="2021-02-07T 21:22:08Z" end-time="2021-02-07T 21:22:08Z" duration="0.060492">
    <test-suite type="TestSuite" name="AddressBook" fullname="AddressBook" total="12" passed="12" failed="0" inconclusive="0" skipped="0" result="Passed" start-time="2021-02-07T 21:22:08Z" end-time="2021-02-07T 21:22:08Z" duration="0.060492">
      <test-suite type="TestSuite" name="API" fullname="AddressBook.API" total="12" passed="12" failed="0" inconclusive="0" skipped="0" result="Passed" start-time="2021-02-07T 21:22:08Z" end-time="2021-02-07T 21:22:08Z" duration="0.060492">
        <test-suite type="TestSuite" name="UnitTests" fullname="AddressBook.API.UnitTests" total="12" passed="12" failed="0" inconclusive="0" skipped="0" result="Passed" start-time="2021-02-07T 21:22:08Z" end-time="2021-02-07T 21:22:08Z" duration="0.060492">
          <test-suite type="TestFixture" name="AddressBookControllerTests" fullname="AddressBook.API.UnitTests.AddressBookControllerTests" total="11" passed="11" failed="0" inconclusive="0" skipped="0" result="Passed" start-time="2021-02-07T 21:22:08Z" end-time="2021-02-07T 21:22:08Z" duration="0.036037">
            <test-case name="CreateAddress_InValidAddress_ReturnsBadRequestResult" fullname="AddressBook.API.UnitTests.AddressBookControllerTests.CreateAddress_InValidAddress_ReturnsBadRequestResult" methodname="CreateAddress_InValidAddress_ReturnsBadRequestResult" classname="AddressBookControllerTests" result="Passed" start-time="2021-02-07T 21:22:08Z" end-time="2021-02-07T 21:22:08Z" duration="0.023818" asserts="0" />
            <test-case name="CreateAddress_ValidAddress_ReturnsCreatedAtRouteResult" fullname="AddressBook.API.UnitTests.AddressBookControllerTests.CreateAddress_ValidAddress_ReturnsCreatedAtRouteResult" methodname="CreateAddress_ValidAddress_ReturnsCreatedAtRouteResult" classname="AddressBookControllerTests" result="Passed" start-time="2021-02-07T 21:22:08Z" end-time="2021-02-07T 21:22:08Z" duration="0.003003" asserts="0" />
            <test-case name="Delete_InValidAddress_ReturnsNotFound" fullname="AddressBook.API.UnitTests.AddressBookControllerTests.Delete_InValidAddress_ReturnsNotFound" methodname="Delete_InValidAddress_ReturnsNotFound" classname="AddressBookControllerTests" result="Passed" start-time="2021-02-07T 21:22:08Z" end-time="2021-02-07T 21:22:08Z" duration="0.000681" asserts="0" />
            <test-case name="Delete_ValidAddress_DeletesCorrectAddress" fullname="AddressBook.API.UnitTests.AddressBookControllerTests.Delete_ValidAddress_DeletesCorrectAddress" methodname="Delete_ValidAddress_DeletesCorrectAddress" classname="AddressBookControllerTests" result="Passed" start-time="2021-02-07T 21:22:08Z" end-time="2021-02-07T 21:22:08Z" duration="0.006564" asserts="0" />
            <test-case name="Delete_ValidAddress_ReturnsNoContent" fullname="AddressBook.API.UnitTests.AddressBookControllerTests.Delete_ValidAddress_ReturnsNoContent" methodname="Delete_ValidAddress_ReturnsNoContent" classname="AddressBookControllerTests" result="Passed" start-time="2021-02-07T 21:22:08Z" end-time="2021-02-07T 21:22:08Z" duration="0.000144" asserts="0" />
            <test-case name="GetAddress_InValidAddress_ReturnsNotFoundResult" fullname="AddressBook.API.UnitTests.AddressBookControllerTests.GetAddress_InValidAddress_ReturnsNotFoundResult" methodname="GetAddress_InValidAddress_ReturnsNotFoundResult" classname="AddressBookControllerTests" result="Passed" start-time="2021-02-07T 21:22:08Z" end-time="2021-02-07T 21:22:08Z" duration="0.000307" asserts="0" />
            <test-case name="GetAddress_ReturnsCorrectAddress" fullname="AddressBook.API.UnitTests.AddressBookControllerTests.GetAddress_ReturnsCorrectAddress" methodname="GetAddress_ReturnsCorrectAddress" classname="AddressBookControllerTests" result="Passed" start-time="2021-02-07T 21:22:08Z" end-time="2021-02-07T 21:22:08Z" duration="0.000682" asserts="0" />
            <test-case name="GetAddress_ValidAddress_ReturnsOkResult" fullname="AddressBook.API.UnitTests.AddressBookControllerTests.GetAddress_ValidAddress_ReturnsOkResult" methodname="GetAddress_ValidAddress_ReturnsOkResult" classname="AddressBookControllerTests" result="Passed" start-time="2021-02-07T 21:22:08Z" end-time="2021-02-07T 21:22:08Z" duration="0.000136" asserts="0" />
            <test-case name="GetAddresses_ReturnsAddressDtoList" fullname="AddressBook.API.UnitTests.AddressBookControllerTests.GetAddresses_ReturnsAddressDtoList" methodname="GetAddresses_ReturnsAddressDtoList" classname="AddressBookControllerTests" result="Passed" start-time="2021-02-07T 21:22:08Z" end-time="2021-02-07T 21:22:08Z" duration="0.000163" asserts="0" />
            <test-case name="GetAddresses_ReturnsAllItems" fullname="AddressBook.API.UnitTests.AddressBookControllerTests.GetAddresses_ReturnsAllItems" methodname="GetAddresses_ReturnsAllItems" classname="AddressBookControllerTests" result="Passed" start-time="2021-02-07T 21:22:08Z" end-time="2021-02-07T 21:22:08Z" duration="0.000356" asserts="0" />
            <test-case name="GetAddresses_ReturnsOkResult" fullname="AddressBook.API.UnitTests.AddressBookControllerTests.GetAddresses_ReturnsOkResult" methodname="GetAddresses_ReturnsOkResult" classname="AddressBookControllerTests" result="Passed" start-time="2021-02-07T 21:22:08Z" end-time="2021-02-07T 21:22:08Z" duration="0.000183" asserts="0" />
          </test-suite>
          <test-suite type="TestFixture" name="AddressBookServiceTests" fullname="AddressBook.API.UnitTests.AddressBookServiceTests" total="1" passed="1" failed="0" inconclusive="0" skipped="0" result="Passed" start-time="2021-02-07T 21:22:08Z" end-time="2021-02-07T 21:22:08Z" duration="0.024455">
            <test-case name="Test1" fullname="AddressBook.API.UnitTests.AddressBookServiceTests.Test1" methodname="Test1" classname="AddressBookServiceTests" result="Passed" start-time="2021-02-07T 21:22:08Z" end-time="2021-02-07T 21:22:08Z" duration="0.024455" asserts="0" />
          </test-suite>
        </test-suite>
      </test-suite>
    </test-suite>
    <errors />
  </test-suite>
</test-run>